<?xml version="1.0" encoding="UTF-8"?>
<testng-results skipped="0" failed="0" ignored="0" total="1" passed="1">
  <reporter-output>
  </reporter-output>
  <suite name="Default suite" duration-ms="7775" started-at="2021-07-03T05:16:33 UTC" finished-at="2021-07-03T05:16:41 UTC">
    <groups>
    </groups>
    <test name="Default test" duration-ms="7775" started-at="2021-07-03T05:16:33 UTC" finished-at="2021-07-03T05:16:41 UTC">
      <class name="PageTest.LoginPagetest">
        <test-method status="PASS" signature="setup()[pri:0, instance:PageTest.LoginPagetest@3dfc5fb8]" name="setup" is-config="true" duration-ms="2734" started-at="2021-07-03T05:16:33 UTC" finished-at="2021-07-03T05:16:36 UTC">
          <reporter-output>
          </reporter-output>
        </test-method> <!-- setup -->
        <test-method status="PASS" signature="LoginPass()[pri:0, instance:PageTest.LoginPagetest@3dfc5fb8]" name="LoginPass" duration-ms="4654" started-at="2021-07-03T05:16:36 UTC" finished-at="2021-07-03T05:16:40 UTC">
          <reporter-output>
          </reporter-output>
        </test-method> <!-- LoginPass -->
        <test-method status="PASS" signature="setupClose()[pri:0, instance:PageTest.LoginPagetest@3dfc5fb8]" name="setupClose" is-config="true" duration-ms="351" started-at="2021-07-03T05:16:40 UTC" finished-at="2021-07-03T05:16:41 UTC">
          <reporter-output>
          </reporter-output>
        </test-method> <!-- setupClose -->
      </class> <!-- PageTest.LoginPagetest -->
    </test> <!-- Default test -->
  </suite> <!-- Default suite -->
</testng-results>
